<?xml version="1.0" encoding="UTF-8"?>
<!-- Generated by org.testng.reporters.JUnitReportReporter -->
<testsuite skipped="0" hostname="qaplanet-PC" name="MaveanGI.MavenAI.Login_TC2Test" tests="1" failures="0" timestamp="04 Dec 2019 06:48:34 GMT" time="16.503" errors="0">
  <testcase name="TC2" time="16.503" classname="MaveanGI.MavenAI.Login_TC2Test"/>
</testsuite> <!-- MaveanGI.MavenAI.Login_TC2Test -->
