<?xml version="1.0" encoding="UTF-8"?>
<!-- Generated by org.testng.reporters.JUnitReportReporter -->
<testsuite skipped="0" hostname="qaplanet-PC" name="MaveanGI.MavenAI.LoginTest" tests="1" failures="0" timestamp="12 Nov 2019 04:13:38 GMT" time="10.890" errors="0">
  <testcase name="TC21" time="10.890" classname="MaveanGI.MavenAI.LoginTest"/>
</testsuite> <!-- MaveanGI.MavenAI.LoginTest -->
