<?xml version="1.0" encoding="UTF-8"?>
<!-- Generated by org.testng.reporters.JUnitReportReporter -->
<testsuite skipped="0" hostname="qaplanet-PC" name="testng.FrameworkRegressionTestFinal" tests="6" failures="0" timestamp="12 Dec 2019 04:00:31 GMT" time="76.084" errors="0">
  <testcase name="TC2_1" time="11.320" classname="testng.FrameworkRegressionTestFinal"/>
  <testcase name="TC2_2" time="15.282" classname="testng.FrameworkRegressionTestFinal"/>
  <testcase name="TC2_3" time="16.784" classname="testng.FrameworkRegressionTestFinal"/>
  <testcase name="TC2_4" time="9.337" classname="testng.FrameworkRegressionTestFinal"/>
  <testcase name="TC3" time="14.054" classname="testng.FrameworkRegressionTestFinal"/>
  <testcase name="TC4" time="9.307" classname="testng.FrameworkRegressionTestFinal"/>
</testsuite> <!-- testng.FrameworkRegressionTestFinal -->
