<?xml version="1.0" encoding="UTF-8"?>
<!-- Generated by org.testng.reporters.JUnitReportReporter -->
<testsuite skipped="0" hostname="qaplanet-PC" name="testng.FrameworkRegressionTest" tests="1" failures="0" timestamp="12 Dec 2019 13:25:24 GMT" time="22.991" errors="0">
  <testcase name="TC2_1" time="22.991" classname="testng.FrameworkRegressionTest"/>
</testsuite> <!-- testng.FrameworkRegressionTest -->
