<?xml version="1.0" encoding="UTF-8"?>
<!-- Generated by org.testng.reporters.JUnitReportReporter -->
<testsuite skipped="0" hostname="qaplanet-PC" name="testng.FrameworkSample" tests="1" failures="0" timestamp="12 Dec 2019 12:41:23 GMT" time="19.592" errors="0">
  <testcase name="TC2_1" time="19.592" classname="testng.FrameworkSample"/>
</testsuite> <!-- testng.FrameworkSample -->
