<?xml version="1.0" encoding="UTF-8"?>
<!-- Generated by org.testng.reporters.JUnitReportReporter -->
<testsuite skipped="0" hostname="qaplanet-PC" name="datadriven.Datadrv" tests="4" failures="0" timestamp="13 Dec 2019 13:15:34 GMT" time="37.987" errors="0">
  <testcase name="TC1" time="8.867" classname="datadriven.Datadrv"/>
  <testcase name="TC1" time="8.975" classname="datadriven.Datadrv"/>
  <testcase name="TC1" time="11.369" classname="datadriven.Datadrv"/>
  <testcase name="TC1" time="8.776" classname="datadriven.Datadrv"/>
</testsuite> <!-- datadriven.Datadrv -->
