<?xml version="1.0" encoding="UTF-8"?>
<!-- Generated by org.testng.reporters.JUnitReportReporter -->
<testsuite skipped="0" hostname="qaplanet-PC" name="sadarpom.Pomrun" tests="1" failures="0" timestamp="18 Dec 2019 12:55:24 GMT" time="40.473" errors="0">
  <testcase name="tc222" time="40.473" classname="sadarpom.Pomrun"/>
</testsuite> <!-- sadarpom.Pomrun -->
